Using pre-set license
Built from '2021.1/staging' branch; Version is '2021.1.28f1 (f3f9dc10f3dd) revision 15989212'; Using compiler version '192528614'; Build Type 'Release'
OS: 'Windows 10 Home; OS build 19042.1415; Version 2009; 64bit' Language: 'en' Physical Memory: 8060 MB
BatchMode: 1, IsHumanControllingUs: 0, StartBugReporterOnCrash: 0, Is64bit: 1, IsPro: 0

COMMAND LINE ARGUMENTS:
C:\Program Files\Unity\Hub\Editor\2021.1.28f1\Editor\Unity.exe
-adb2
-batchMode
-noUpm
-name
AssetImportWorker1
-projectPath
C:/Users/ajmal/Documents/GitHub/MPGD_v2/ExoWorld_Main
-logFile
Logs/AssetImportWorker1.log
-srvPort
63277
Successfully changed project path to: C:/Users/ajmal/Documents/GitHub/MPGD_v2/ExoWorld_Main
C:/Users/ajmal/Documents/GitHub/MPGD_v2/ExoWorld_Main
Using Asset Import Pipeline V2.
Refreshing native plugins compatible for Editor in 113.23 ms, found 3 plugins.
Preloading 0 native plugins for Editor in 0.00 ms.
Initialize engine version: 2021.1.28f1 (f3f9dc10f3dd)
[Subsystems] Discovering subsystems at path C:/Program Files/Unity/Hub/Editor/2021.1.28f1/Editor/Data/Resources/UnitySubsystems
[Subsystems] Discovering subsystems at path C:/Users/ajmal/Documents/GitHub/MPGD_v2/ExoWorld_Main/Assets
GfxDevice: creating device client; threaded=0; jobified=0
Direct3D:
    Version:  Direct3D 11.0 [level 11.1]
    Renderer: NVIDIA GeForce RTX 3060 Laptop GPU (ID=0x2560)
    Vendor:   NVIDIA
    VRAM:     6023 MB
    Driver:   30.0.14.7256
Initialize mono
Mono path[0] = 'C:/Program Files/Unity/Hub/Editor/2021.1.28f1/Editor/Data/Managed'
Mono path[1] = 'C:/Program Files/Unity/Hub/Editor/2021.1.28f1/Editor/Data/MonoBleedingEdge/lib/mono/unityjit'
Mono config path = 'C:/Program Files/Unity/Hub/Editor/2021.1.28f1/Editor/Data/MonoBleedingEdge/etc'
Using monoOptions --debugger-agent=transport=dt_socket,embedding=1,server=y,suspend=n,address=127.0.0.1:56912
Begin MonoManager ReloadAssembly
Registering precompiled unity dll's ...
Register platform support module: C:/Program Files/Unity/Hub/Editor/2021.1.28f1/Editor/Data/PlaybackEngines/WindowsStandaloneSupport/UnityEditor.WindowsStandalone.Extensions.dll
Registered in 0.002965 seconds.
Native extension for WindowsStandalone target not found
Refreshing native plugins compatible for Editor in 123.05 ms, found 3 plugins.
Preloading 0 native plugins for Editor in 0.00 ms.
Mono: successfully reloaded assembly
- Completed reload, in  2.043 seconds
Domain Reload Profiling:
	ReloadAssembly (2044ms)
		BeginReloadAssembly (63ms)
			ExecutionOrderSort (0ms)
			DisableScriptedObjects (0ms)
			BackupInstance (0ms)
			ReleaseScriptingObjects (0ms)
			CreateAndSetChildDomain (1ms)
		EndReloadAssembly (506ms)
			LoadAssemblies (60ms)
			RebuildTransferFunctionScriptingTraits (1ms)
			SetupTypeCache (142ms)
			ReleaseScriptCaches (0ms)
			RebuildScriptCaches (26ms)
			SetupLoadedEditorAssemblies (289ms)
				LogAssemblyErrors (0ms)
				InitializePlatformSupportModulesInManaged (7ms)
				SetLoadedEditorAssemblies (0ms)
				RefreshPlugins (123ms)
				BeforeProcessingInitializeOnLoad (2ms)
				ProcessInitializeOnLoadAttributes (126ms)
				ProcessInitializeOnLoadMethodAttributes (30ms)
				AfterProcessingInitializeOnLoad (0ms)
				EditorAssembliesLoaded (0ms)
			ExecutionOrderSort2 (0ms)
			AwakeInstancesAfterBackupRestoration (0ms)
Platform modules already initialized, skipping
Registering precompiled user dll's ...
Registered in 0.012495 seconds.
Begin MonoManager ReloadAssembly
Symbol file LoadedFromMemory doesn't match image C:\Users\ajmal\Documents\GitHub\MPGD_v2\ExoWorld_Main\Library\PackageCache\com.unity.visualscripting@1.6.1\Editor\VisualScripting.Core\Dependencies\YamlDotNet\Unity.VisualScripting.YamlDotNet.dll
Symbol file LoadedFromMemory doesn't match image C:\Users\ajmal\Documents\GitHub\MPGD_v2\ExoWorld_Main\Library\PackageCache\com.unity.visualscripting@1.6.1\Editor\VisualScripting.Core\Dependencies\DotNetZip\Unity.VisualScripting.IonicZip.dll
Native extension for WindowsStandalone target not found
Refreshing native plugins compatible for Editor in 114.84 ms, found 3 plugins.
Preloading 0 native plugins for Editor in 0.00 ms.
Mono: successfully reloaded assembly
- Completed reload, in  2.516 seconds
Domain Reload Profiling:
	ReloadAssembly (2517ms)
		BeginReloadAssembly (128ms)
			ExecutionOrderSort (0ms)
			DisableScriptedObjects (4ms)
			BackupInstance (0ms)
			ReleaseScriptingObjects (0ms)
			CreateAndSetChildDomain (21ms)
		EndReloadAssembly (2340ms)
			LoadAssemblies (797ms)
			RebuildTransferFunctionScriptingTraits (0ms)
			SetupTypeCache (326ms)
			ReleaseScriptCaches (1ms)
			RebuildScriptCaches (50ms)
			SetupLoadedEditorAssemblies (1091ms)
				LogAssemblyErrors (0ms)
				InitializePlatformSupportModulesInManaged (4ms)
				SetLoadedEditorAssemblies (0ms)
				RefreshPlugins (115ms)
				BeforeProcessingInitializeOnLoad (95ms)
				ProcessInitializeOnLoadAttributes (861ms)
				ProcessInitializeOnLoadMethodAttributes (10ms)
				AfterProcessingInitializeOnLoad (6ms)
				EditorAssembliesLoaded (1ms)
			ExecutionOrderSort2 (0ms)
			AwakeInstancesAfterBackupRestoration (5ms)
Platform modules already initialized, skipping
========================================================================
Worker process is ready to serve import requests
Launched and connected shader compiler UnityShaderCompiler.exe after 0.05 seconds
Refreshing native plugins compatible for Editor in 1.47 ms, found 3 plugins.
Preloading 0 native plugins for Editor in 0.00 ms.
Unloading 5244 Unused Serialized files (Serialized files now loaded: 0)
System memory in use before: 219.2 MB.
System memory in use after: 219.5 MB.

Unloading 135 unused Assets to reduce memory usage. Loaded Objects now: 5698.
Total: 5.656000 ms (FindLiveObjects: 0.566600 ms CreateObjectMapping: 0.353000 ms MarkObjects: 4.425600 ms  DeleteObjects: 0.308100 ms)

AssetImportParameters requested are different than current active one (requested -> active):
  custom:framework-win-MediaFoundation: 216162199b28c13a410421893ffa2e32 -> 
  custom:video-decoder-ogg-theora: a1e56fd34408186e4bbccfd4996cb3dc -> 
  custom:container-muxer-webm: aa71ff27fc2769a1b78a27578f13a17b -> 
  custom:container-demuxer-webm: 4f35f7cbe854078d1ac9338744f61a02 -> 
  custom:container-demuxer-ogg: 62fdf1f143b41e24485cea50d1cbac27 -> 
  custom:video-encoder-webm-vp8: eb34c28f22e8b96e1ab97ce403110664 -> 
  custom:video-codec-MediaFoundation-h265: 746d11721c4dcdbdad8f713fa42b33f4 -> 
  custom:video-decoder-webm-vp8: 9c59270c3fd7afecdb556c50c9e8de78 -> 
  custom:audio-decoder-ogg-vorbis: bf7c407c2cedff20999df2af8eb42d56 -> 
  custom:audio-encoder-webm-vorbis: bf7c407c2cedff20999df2af8eb42d56 -> 
========================================================================
Received Import Request.
  path: Assets/Materials/OxygenPickup.prefab
  artifactKey: Guid(36354826c662ba9428917f6a8f4b4871) Importer(815301076,1909f56bfc062723c751e8b465ee728b)
Start importing Assets/Materials/OxygenPickup.prefab using Guid(36354826c662ba9428917f6a8f4b4871) Importer(815301076,1909f56bfc062723c751e8b465ee728b)  -> (artifact id: '949287b1b2c3ee0dbb053f9c8bf32ab5') in 0.091781 seconds 
========================================================================
Received Import Request.
  Time since last request: 0.000174 seconds.
  path: Assets/Materials/BounceAnimation.cs
  artifactKey: Guid(9d7a2b0017b5cc84f8eb141810534c56) Importer(815301076,1909f56bfc062723c751e8b465ee728b)
Start importing Assets/Materials/BounceAnimation.cs using Guid(9d7a2b0017b5cc84f8eb141810534c56) Importer(815301076,1909f56bfc062723c751e8b465ee728b)  -> (artifact id: '56141404637c436911ddfc1d4ebbc1c6') in 0.010026 seconds 
========================================================================
Received Import Request.
  Time since last request: 192.438472 seconds.
  path: Assets/Materials/BounceAnimation1.cs
  artifactKey: Guid(9d7a2b0017b5cc84f8eb141810534c56) Importer(815301076,1909f56bfc062723c751e8b465ee728b)
Start importing Assets/Materials/BounceAnimation1.cs using Guid(9d7a2b0017b5cc84f8eb141810534c56) Importer(815301076,1909f56bfc062723c751e8b465ee728b)  -> (artifact id: '620a82b9d5322a9ecb42b43038f5b37d') in 0.008717 seconds 
========================================================================
Received Import Request.
  Time since last request: 18.513785 seconds.
  path: Assets/Materials/BounceAnimation.cs
  artifactKey: Guid(0356409fed3a67d49adcc6ddde23c9a6) Importer(815301076,1909f56bfc062723c751e8b465ee728b)
Start importing Assets/Materials/BounceAnimation.cs using Guid(0356409fed3a67d49adcc6ddde23c9a6) Importer(815301076,1909f56bfc062723c751e8b465ee728b)  -> (artifact id: '4dcc026aa2b943c16e6f05d195a94109') in 0.009029 seconds 
========================================================================
Received Import Request.
  Time since last request: 30.024370 seconds.
  path: Assets/Materials/BounceAnimation.cs
  artifactKey: Guid(0356409fed3a67d49adcc6ddde23c9a6) Importer(815301076,1909f56bfc062723c751e8b465ee728b)
Start importing Assets/Materials/BounceAnimation.cs using Guid(0356409fed3a67d49adcc6ddde23c9a6) Importer(815301076,1909f56bfc062723c751e8b465ee728b)  -> (artifact id: '958091c4a68a6a469fcd93e67dd84787') in 0.002805 seconds 
========================================================================
Received Import Request.
  Time since last request: 153.934510 seconds.
  path: Assets/Materials/AnimateBounce.cs
  artifactKey: Guid(8fa972fdd8d00fb4a87f7f230f98c4c0) Importer(815301076,1909f56bfc062723c751e8b465ee728b)
Start importing Assets/Materials/AnimateBounce.cs using Guid(8fa972fdd8d00fb4a87f7f230f98c4c0) Importer(815301076,1909f56bfc062723c751e8b465ee728b)  -> (artifact id: '52b0d631b8125040238d60d2b5f7e35f') in 0.011178 seconds 
========================================================================
Received Import Request.
  Time since last request: 64.537250 seconds.
  path: Assets/Materials/AnimateBounce.cs
  artifactKey: Guid(8fa972fdd8d00fb4a87f7f230f98c4c0) Importer(815301076,1909f56bfc062723c751e8b465ee728b)
Start importing Assets/Materials/AnimateBounce.cs using Guid(8fa972fdd8d00fb4a87f7f230f98c4c0) Importer(815301076,1909f56bfc062723c751e8b465ee728b)  -> (artifact id: '918f5aff194696462a3e3fb7967cad04') in 0.007857 seconds 
========================================================================
Received Import Request.
  Time since last request: 53.345606 seconds.
  path: Assets/Materials/PickupBehaviour.cs
  artifactKey: Guid(f2308e4b35d705b4ca9440fa9f044ebf) Importer(815301076,1909f56bfc062723c751e8b465ee728b)
Start importing Assets/Materials/PickupBehaviour.cs using Guid(f2308e4b35d705b4ca9440fa9f044ebf) Importer(815301076,1909f56bfc062723c751e8b465ee728b)  -> (artifact id: '413d0ca3f473f2e31868e68ae9c5a70d') in 0.007932 seconds 
========================================================================
Received Prepare
Registering precompiled user dll's ...
Registered in 0.132021 seconds.
Begin MonoManager ReloadAssembly
Symbol file LoadedFromMemory doesn't match image C:\Users\ajmal\Documents\GitHub\MPGD_v2\ExoWorld_Main\Library\PackageCache\com.unity.visualscripting@1.6.1\Editor\VisualScripting.Core\Dependencies\YamlDotNet\Unity.VisualScripting.YamlDotNet.dll
Symbol file LoadedFromMemory doesn't match image C:\Users\ajmal\Documents\GitHub\MPGD_v2\ExoWorld_Main\Library\PackageCache\com.unity.visualscripting@1.6.1\Editor\VisualScripting.Core\Dependencies\DotNetZip\Unity.VisualScripting.IonicZip.dll
Native extension for WindowsStandalone target not found
Refreshing native plugins compatible for Editor in 1.15 ms, found 3 plugins.
Preloading 0 native plugins for Editor in 0.00 ms.
Warning: Annotation not found!
UnityEngine.StackTraceUtility:ExtractStackTrace ()
UnityEditor.ProBuilder.EditorUtility:SetGizmoIconEnabled (System.Type,bool) (at Library/PackageCache/com.unity.probuilder@5.0.3/Editor/EditorCore/EditorUtility.cs:575)
UnityEditor.ProBuilder.HierarchyListener:.cctor () (at Library/PackageCache/com.unity.probuilder@5.0.3/Editor/EditorCore/HierarchyListener.cs:21)
System.Runtime.CompilerServices.RuntimeHelpers:RunClassConstructor (System.RuntimeTypeHandle)
UnityEditor.EditorAssemblies:ProcessInitializeOnLoadAttributes (System.Type[])

[Library/PackageCache/com.unity.probuilder@5.0.3/Editor/EditorCore/EditorUtility.cs line 575]

Mono: successfully reloaded assembly
- Completed reload, in  1.325 seconds
Domain Reload Profiling:
	ReloadAssembly (1325ms)
		BeginReloadAssembly (141ms)
			ExecutionOrderSort (0ms)
			DisableScriptedObjects (4ms)
			BackupInstance (0ms)
			ReleaseScriptingObjects (0ms)
			CreateAndSetChildDomain (49ms)
		EndReloadAssembly (1133ms)
			LoadAssemblies (94ms)
			RebuildTransferFunctionScriptingTraits (0ms)
			SetupTypeCache (307ms)
			ReleaseScriptCaches (2ms)
			RebuildScriptCaches (36ms)
			SetupLoadedEditorAssemblies (608ms)
				LogAssemblyErrors (0ms)
				InitializePlatformSupportModulesInManaged (4ms)
				SetLoadedEditorAssemblies (0ms)
				RefreshPlugins (1ms)
				BeforeProcessingInitializeOnLoad (73ms)
				ProcessInitializeOnLoadAttributes (515ms)
				ProcessInitializeOnLoadMethodAttributes (8ms)
				AfterProcessingInitializeOnLoad (6ms)
				EditorAssembliesLoaded (0ms)
			ExecutionOrderSort2 (0ms)
			AwakeInstancesAfterBackupRestoration (6ms)
Platform modules already initialized, skipping
Refreshing native plugins compatible for Editor in 1.11 ms, found 3 plugins.
Preloading 0 native plugins for Editor in 0.00 ms.
Unloading 5096 Unused Serialized files (Serialized files now loaded: 0)
System memory in use before: 210.5 MB.
System memory in use after: 210.9 MB.

Unloading 23 unused Assets to reduce memory usage. Loaded Objects now: 5706.
Total: 4.440400 ms (FindLiveObjects: 0.475200 ms CreateObjectMapping: 0.160900 ms MarkObjects: 3.671100 ms  DeleteObjects: 0.131800 ms)

AssetImportParameters requested are different than current active one (requested -> active):
  custom:framework-win-MediaFoundation: 216162199b28c13a410421893ffa2e32 -> 
  custom:video-decoder-ogg-theora: a1e56fd34408186e4bbccfd4996cb3dc -> 
  custom:container-muxer-webm: aa71ff27fc2769a1b78a27578f13a17b -> 
  custom:container-demuxer-webm: 4f35f7cbe854078d1ac9338744f61a02 -> 
  custom:container-demuxer-ogg: 62fdf1f143b41e24485cea50d1cbac27 -> 
  custom:video-encoder-webm-vp8: eb34c28f22e8b96e1ab97ce403110664 -> 
  custom:video-codec-MediaFoundation-h265: 746d11721c4dcdbdad8f713fa42b33f4 -> 
  custom:video-decoder-webm-vp8: 9c59270c3fd7afecdb556c50c9e8de78 -> 
  custom:audio-decoder-ogg-vorbis: bf7c407c2cedff20999df2af8eb42d56 -> 
  custom:audio-encoder-webm-vorbis: bf7c407c2cedff20999df2af8eb42d56 -> 
AssetImportWorkerClient::OnTransportError - code=2 error=End of file
